<?xml version="1.0" encoding="UTF-8"?>
<testng-results ignored="0" total="3" passed="2" failed="1" skipped="0">
  <reporter-output>
  </reporter-output>
  <suite started-at="2023-02-07T00:38:05 MSK" name="All tests" finished-at="2023-02-07T00:39:02 MSK" duration-ms="57218">
    <groups>
    </groups>
    <test started-at="2023-02-07T00:38:05 MSK" name="All tests" finished-at="2023-02-07T00:39:02 MSK" duration-ms="57218">
      <class name="pagefactory.test.FWWDMainTest">
        <test-method is-config="true" signature="browseSetUp()[pri:0, instance:pagefactory.test.FWWDMainTest@3bb9a3ff]" started-at="2023-02-07T00:38:34 MSK" name="browseSetUp" finished-at="2023-02-07T00:38:34 MSK" duration-ms="666" status="PASS">
          <reporter-output>
          </reporter-output>
        </test-method> <!-- browseSetUp -->
        <test-method signature="commonSearchCloudCalcAndCheckEstimate()[pri:0, instance:pagefactory.test.FWWDMainTest@3bb9a3ff]" started-at="2023-02-07T00:38:34 MSK" name="commonSearchCloudCalcAndCheckEstimate" description="Main test" finished-at="2023-02-07T00:39:01 MSK" duration-ms="26915" status="FAIL">
          <exception class="org.openqa.selenium.NoSuchFrameException">
            <message>
              <![CDATA[No frame element found by name or id ifmail
Build info: version: '4.8.0', revision: '267030adea'
System info: os.name: 'Windows 11', os.arch: 'amd64', os.version: '10.0', java.version: '17.0.5'
Driver info: driver.version: unknown]]>
            </message>
            <full-stacktrace>
              <![CDATA[org.openqa.selenium.NoSuchFrameException: No frame element found by name or id ifmail
Build info: version: '4.8.0', revision: '267030adea'
System info: os.name: 'Windows 11', os.arch: 'amd64', os.version: '10.0', java.version: '17.0.5'
Driver info: driver.version: unknown
at org.openqa.selenium.remote.RemoteWebDriver$RemoteTargetLocator.frame(RemoteWebDriver.java:1015)
at waits.WaitEmailCondition.<init>(WaitEmailCondition.java:17)
at pagefactory.page.FWWDEmailPage.checkEmail(FWWDEmailPage.java:60)
at pagefactory.test.FWWDMainTest.commonSearchCloudCalcAndCheckEstimate(FWWDMainTest.java:29)
at java.base/jdk.internal.reflect.NativeMethodAccessorImpl.invoke0(Native Method)
at java.base/jdk.internal.reflect.NativeMethodAccessorImpl.invoke(NativeMethodAccessorImpl.java:77)
at java.base/jdk.internal.reflect.DelegatingMethodAccessorImpl.invoke(DelegatingMethodAccessorImpl.java:43)
at java.base/java.lang.reflect.Method.invoke(Method.java:568)
at org.testng.internal.invokers.MethodInvocationHelper.invokeMethod(MethodInvocationHelper.java:139)
at org.testng.internal.invokers.TestInvoker.invokeMethod(TestInvoker.java:677)
at org.testng.internal.invokers.TestInvoker.invokeTestMethod(TestInvoker.java:221)
at org.testng.internal.invokers.MethodRunner.runInSequence(MethodRunner.java:50)
at org.testng.internal.invokers.TestInvoker$MethodInvocationAgent.invoke(TestInvoker.java:962)
at org.testng.internal.invokers.TestInvoker.invokeTestMethods(TestInvoker.java:194)
at org.testng.internal.invokers.TestMethodWorker.invokeTestMethods(TestMethodWorker.java:148)
at org.testng.internal.invokers.TestMethodWorker.run(TestMethodWorker.java:128)
at java.base/java.util.ArrayList.forEach(ArrayList.java:1511)
at org.testng.TestRunner.privateRun(TestRunner.java:806)
at org.testng.TestRunner.run(TestRunner.java:601)
at org.testng.SuiteRunner.runTest(SuiteRunner.java:433)
at org.testng.SuiteRunner.runSequentially(SuiteRunner.java:427)
at org.testng.SuiteRunner.privateRun(SuiteRunner.java:387)
at org.testng.SuiteRunner.run(SuiteRunner.java:330)
at org.testng.SuiteRunnerWorker.runSuite(SuiteRunnerWorker.java:52)
at org.testng.SuiteRunnerWorker.run(SuiteRunnerWorker.java:95)
at org.testng.TestNG.runSuitesSequentially(TestNG.java:1256)
at org.testng.TestNG.runSuitesLocally(TestNG.java:1176)
at org.testng.TestNG.runSuites(TestNG.java:1099)
at org.testng.TestNG.run(TestNG.java:1067)
at org.apache.maven.surefire.testng.TestNGExecutor.run(TestNGExecutor.java:324)
at org.apache.maven.surefire.testng.TestNGXmlTestSuite.execute(TestNGXmlTestSuite.java:74)
at org.apache.maven.surefire.testng.TestNGProvider.invoke(TestNGProvider.java:123)
at org.apache.maven.surefire.booter.ForkedBooter.runSuitesInProcess(ForkedBooter.java:456)
at org.apache.maven.surefire.booter.ForkedBooter.execute(ForkedBooter.java:169)
at org.apache.maven.surefire.booter.ForkedBooter.run(ForkedBooter.java:595)
at org.apache.maven.surefire.booter.ForkedBooter.main(ForkedBooter.java:581)
]]>
            </full-stacktrace>
          </exception> <!-- org.openqa.selenium.NoSuchFrameException -->
          <reporter-output>
          </reporter-output>
        </test-method> <!-- commonSearchCloudCalcAndCheckEstimate -->
        <test-method is-config="true" signature="browserExit()[pri:0, instance:pagefactory.test.FWWDMainTest@3bb9a3ff]" started-at="2023-02-07T00:39:02 MSK" name="browserExit" finished-at="2023-02-07T00:39:02 MSK" duration-ms="178" status="PASS">
          <reporter-output>
          </reporter-output>
        </test-method> <!-- browserExit -->
      </class> <!-- pagefactory.test.FWWDMainTest -->
      <class name="pagefactory.test.FWWDAdvancedTests">
        <test-method is-config="true" signature="browseSetUp()[pri:0, instance:pagefactory.test.FWWDAdvancedTests@7c729a55]" started-at="2023-02-07T00:38:05 MSK" name="browseSetUp" finished-at="2023-02-07T00:38:06 MSK" duration-ms="1650" status="PASS">
          <reporter-output>
          </reporter-output>
        </test-method> <!-- browseSetUp -->
        <test-method signature="commonSearchCloudCalc()[pri:0, instance:pagefactory.test.FWWDAdvancedTests@7c729a55]" started-at="2023-02-07T00:38:06 MSK" name="commonSearchCloudCalc" description="Advanced test 1" finished-at="2023-02-07T00:38:18 MSK" duration-ms="11646" status="PASS">
          <reporter-output>
          </reporter-output>
        </test-method> <!-- commonSearchCloudCalc -->
        <test-method is-config="true" signature="browserExit()[pri:0, instance:pagefactory.test.FWWDAdvancedTests@7c729a55]" started-at="2023-02-07T00:38:18 MSK" name="browserExit" finished-at="2023-02-07T00:38:18 MSK" duration-ms="175" status="PASS">
          <reporter-output>
          </reporter-output>
        </test-method> <!-- browserExit -->
        <test-method is-config="true" signature="browseSetUp()[pri:0, instance:pagefactory.test.FWWDAdvancedTests@7c729a55]" started-at="2023-02-07T00:38:18 MSK" name="browseSetUp" finished-at="2023-02-07T00:38:19 MSK" duration-ms="667" status="PASS">
          <reporter-output>
          </reporter-output>
        </test-method> <!-- browseSetUp -->
        <test-method signature="commonSearchCloudCalcWithAnotherRequest()[pri:0, instance:pagefactory.test.FWWDAdvancedTests@7c729a55]" started-at="2023-02-07T00:38:19 MSK" name="commonSearchCloudCalcWithAnotherRequest" description="Advanced test 2" finished-at="2023-02-07T00:38:34 MSK" duration-ms="15034" status="PASS">
          <reporter-output>
          </reporter-output>
        </test-method> <!-- commonSearchCloudCalcWithAnotherRequest -->
        <test-method is-config="true" signature="browserExit()[pri:0, instance:pagefactory.test.FWWDAdvancedTests@7c729a55]" started-at="2023-02-07T00:38:34 MSK" name="browserExit" finished-at="2023-02-07T00:38:34 MSK" duration-ms="133" status="PASS">
          <reporter-output>
          </reporter-output>
        </test-method> <!-- browserExit -->
      </class> <!-- pagefactory.test.FWWDAdvancedTests -->
    </test> <!-- All tests -->
  </suite> <!-- All tests -->
</testng-results>
